#
# A fatal error has been detected by the Java Runtime Environment:
#
#  SIGSEGV (0xb) at pc=0x00007f82e98424ba, pid=3281, tid=140200086746880
#
# JRE version: OpenJDK Runtime Environment (7.0_91-b02) (build 1.7.0_91-b02)
# Java VM: OpenJDK 64-Bit Server VM (24.91-b01 mixed mode linux-amd64 compressed oops)
# Derivative: IcedTea 2.6.3
# Distribution: Ubuntu 14.04 LTS, package 7u91-2.6.3-0ubuntu0.14.04.1
# Problematic frame:
# v  ~BufferBlob::jni_fast_GetLongField
#
# Failed to write core dump. Core dumps have been disabled. To enable core dumping, try "ulimit -c unlimited" before starting Java again
#
# If you would like to submit a bug report, please include
# instructions on how to reproduce the bug and visit:
#   http://icedtea.classpath.org/bugzilla
# The crash happened outside the Java Virtual Machine in native code.
# See problematic frame for where to report the bug.
#

---------------  T H R E A D  ---------------

Current thread (0x0000000001b8b000):  JavaThread "AWT-XAWT" daemon [_thread_in_native, id=3295, stack(0x00007f82e04e3000,0x00007f82e05e4000)]

siginfo:si_signo=SIGSEGV: si_errno=0, si_code=1 (SEGV_MAPERR), si_addr=0x0000000000000000

Registers:
RAX=0x00007f82f636c140, RBX=0x0000000001b8b1d8, RCX=0x00007f82f5299320, RDX=0x0000000000000042
RSP=0x00007f82e05e27b8, RBP=0x00007f82e05e27e0, RSI=0x0000000000000000, RDI=0x0000000001b8b1d8
R8 =0x00000000f0473b78, R9 =0x0000000000000000, R10=0x00000000000003ca, R11=0x00007f82f5e07eb0
R12=0x00007f829c267750, R13=0x0000000000000000, R14=0x00007f82e273ad80, R15=0x0000000001b8b000
RIP=0x00007f82e98424ba, EFLAGS=0x0000000000010246, CSGSFS=0xffff000000000033, ERR=0x0000000000000004
  TRAPNO=0x000000000000000e

Top of Stack: (sp=0x00007f82e05e27b8)
0x00007f82e05e27b8:   00007f82e250c744 00000000e606bc80
0x00007f82e05e27c8:   00007f829c267750 00000000e606bc80
0x00007f82e05e27d8:   00007f82e05e28c8 0000000000000000
0x00007f82e05e27e8:   00007f82f3a2aae8 00000000e606bc80
0x00007f82e05e27f8:   00007f82e05e2820 0000000000000000
0x00007f82e05e2808:   00007f82f3a229a3 00000000e606bc80
0x00007f82e05e2818:   00007f82e250122f 00007f82e05e2890
0x00007f82e05e2828:   00007f82e97f9d98 00007f82e97ed233
0x00007f82e05e2838:   0000000000000000 00000000f04bd330
0x00007f82e05e2848:   0000000000000000 00007f82e05e2850
0x00007f82e05e2858:   0000000000000000 00007f82e05e28c8
0x00007f82e05e2868:   00000000e6071e08 0000000000000000
0x00007f82e05e2878:   00000000e606bc80 0000000000000000
0x00007f82e05e2888:   00007f82e05e28b0 00007f82e05e2910
0x00007f82e05e2898:   00007f82e97ed350 00000000f057bac0
0x00007f82e05e28a8:   00007f82e97f5cc0 0000000000000000
0x00007f82e05e28b8:   00007f82e05e2910 00007f82a4000db0
0x00007f82e05e28c8:   00000000f04bcda0 00007f82e05e28d0
0x00007f82e05e28d8:   00000000e5fe6c44 00007f82e05e2958
0x00007f82e05e28e8:   00000000e60066f8 00000000e7858c98
0x00007f82e05e28f8:   00000000e5fe6dd8 00007f82e05e28b0
0x00007f82e05e2908:   00007f82e05e2950 00007f82e05e29a0
0x00007f82e05e2918:   00007f82e97ed058 0000000000000000
0x00007f82e05e2928:   00000000f14967b0 00000000f14965c8
0x00007f82e05e2938:   0000000000000000 0000000000000000
0x00007f82e05e2948:   00000000f04bcda0 0000000000000000
0x00007f82e05e2958:   00000000f0ddabf0 00007f82e05e2960
0x00007f82e05e2968:   00000000e5fe6a3d 00007f82e05e29b0
0x00007f82e05e2978:   00000000e60066f8 0000000000000000
0x00007f82e05e2988:   00000000e5fe6a58 00007f82e05e2950
0x00007f82e05e2998:   00007f82e05e29b0 00007f82e05e29f8
0x00007f82e05e29a8:   00007f82e97ed706 00000000f0ddabf0 

Instructions: (pc=0x00007f82e98424ba)
0x00007f82e984249a:   00 00 00 00 00 00 44 8b 15 fd 44 b5 0c 4c 8b ce
0x00007f82e98424aa:   41 f6 c2 01 0f 85 2e 00 00 00 4d 33 ca 4d 33 ca
0x00007f82e98424ba:   4d 8b 09 4c 8b da 49 c1 eb 02 4b 8b 04 19 49 bb
0x00007f82e98424ca:   a4 69 39 f6 82 7f 00 00 4c 33 d8 4c 33 d8 45 3b 

Register to memory mapping:

RAX=